<?xml version="1.0" encoding="UTF-8"?>
<!-- Generated by org.testng.reporters.JUnitXMLReporter -->
<testsuite ignored="0" hostname="Maddy.local" failures="0" tests="3" name="Default test" time="88.336" errors="0" timestamp="30 Jan 2018 05:53:22 GMT">
  <testcase classname="com.naukri.test.naukri_test" name="loginFlow" time="25.845"/>
  <testcase classname="com.naukri.test.naukri_test" name="homepageFlow" time="50.377"/>
  <testcase classname="com.naukri.test.naukri_test" name="updateFlow" time="4.031"/>
</testsuite> <!-- Default test -->
