<?xml version="1.0" encoding="UTF-8"?>
<!-- Generated by org.testng.reporters.JUnitXMLReporter -->
<testsuite hostname="Maddy-PC" name="Default test" tests="3" failures="0" timestamp="14 Jan 2017 14:36:58 GMT" time="111.117" errors="0">
  <testcase name="loginFlow" time="42.488" classname="com.naukri.test.naukri_test"/>
  <testcase name="homepageFlow" time="0.776" classname="com.naukri.test.naukri_test"/>
  <testcase name="updateFlow" time="40.064" classname="com.naukri.test.naukri_test"/>
</testsuite> <!-- Default test -->
