<?xml version="1.0" encoding="UTF-8"?>
<!-- Generated by org.testng.reporters.JUnitXMLReporter -->
<testsuite hostname="Maddy-PC" name="Test" tests="3" failures="0" timestamp="13 May 2017 12:17:26 GMT" time="48.29" errors="0">
  <testcase name="loginFlow" time="11.827" classname="com.naukri.test.naukri_test"/>
  <testcase name="homepageFlow" time="1.791" classname="com.naukri.test.naukri_test"/>
  <testcase name="updateFlow" time="17.871" classname="com.naukri.test.naukri_test"/>
</testsuite> <!-- Test -->
