<?xml version="1.0" encoding="UTF-8"?>
<testng-results ignored="0" total="3" passed="3" failed="0" skipped="0">
  <reporter-output>
    <line>
      <![CDATA[Browser Opened]]>
    </line>
    <line>
      <![CDATA[Window Maximized]]>
    </line>
    <line>
      <![CDATA[Application started]]>
    </line>
  </reporter-output>
  <suite started-at="2018-01-30T05:51:54Z" name="Default suite" finished-at="2018-01-30T05:53:22Z" duration-ms="88336">
    <groups>
    </groups>
    <test started-at="2018-01-30T05:51:54Z" name="Default test" finished-at="2018-01-30T05:53:22Z" duration-ms="88336">
      <class name="com.naukri.test.naukri_test">
        <test-method is-config="true" signature="setup()[pri:0, instance:com.naukri.test.naukri_test@6a84a97d]" started-at="2018-01-29T23:51:54Z" name="setup" finished-at="2018-01-29T23:52:01Z" duration-ms="7642" status="PASS">
          <reporter-output>
            <line>
              <![CDATA[Browser Opened]]>
            </line>
            <line>
              <![CDATA[Window Maximized]]>
            </line>
            <line>
              <![CDATA[Application started]]>
            </line>
          </reporter-output>
        </test-method> <!-- setup -->
        <test-method signature="loginFlow()[pri:0, instance:com.naukri.test.naukri_test@6a84a97d]" started-at="2018-01-29T23:52:01Z" name="loginFlow" finished-at="2018-01-29T23:52:27Z" duration-ms="25845" status="PASS">
          <reporter-output>
          </reporter-output>
        </test-method> <!-- loginFlow -->
        <test-method signature="homepageFlow()[pri:0, instance:com.naukri.test.naukri_test@6a84a97d]" started-at="2018-01-29T23:52:27Z" name="homepageFlow" finished-at="2018-01-29T23:53:17Z" depends-on-methods="com.naukri.test.naukri_test.loginFlow" duration-ms="50377" status="PASS">
          <reporter-output>
          </reporter-output>
        </test-method> <!-- homepageFlow -->
        <test-method signature="updateFlow()[pri:0, instance:com.naukri.test.naukri_test@6a84a97d]" started-at="2018-01-29T23:53:17Z" name="updateFlow" finished-at="2018-01-29T23:53:21Z" depends-on-methods="com.naukri.test.naukri_test.homepageFlow" duration-ms="4031" status="PASS">
          <reporter-output>
          </reporter-output>
        </test-method> <!-- updateFlow -->
        <test-method is-config="true" signature="driverQuit()[pri:0, instance:com.naukri.test.naukri_test@6a84a97d]" started-at="2018-01-29T23:53:21Z" name="driverQuit" finished-at="2018-01-29T23:53:22Z" duration-ms="412" status="PASS">
          <reporter-output>
          </reporter-output>
        </test-method> <!-- driverQuit -->
      </class> <!-- com.naukri.test.naukri_test -->
    </test> <!-- Default test -->
  </suite> <!-- Default suite -->
</testng-results>
